[   +8 ms] executing: sw_vers -productName
[  +20 ms] Exit code 0 from: sw_vers -productName
[        ] macOS
[        ] executing: sw_vers -productVersion
[  +11 ms] Exit code 0 from: sw_vers -productVersion
[        ] 26.1
[        ] executing: sw_vers -buildVersion
[  +10 ms] Exit code 0 from: sw_vers -buildVersion
[        ] 25B78
[        ] executing: uname -m
[   +3 ms] Exit code 0 from: uname -m
[        ] arm64
[   +4 ms] executing: sysctl hw.optional.arm64
[   +4 ms] Exit code 0 from: sysctl hw.optional.arm64
[        ] hw.optional.arm64: 1
[ +106 ms] Artifact Instance of 'AndroidGenSnapshotArtifacts' is not required, skipping update.
[        ] Artifact Instance of 'AndroidInternalBuildArtifacts' is not required, skipping update.
[        ] Artifact Instance of 'IOSEngineArtifacts' is not required, skipping update.
[        ] Artifact Instance of 'FlutterWebSdk' is not required, skipping update.
[        ] Artifact Instance of 'LegacyCanvasKitRemover' is not required, skipping update.
[   +1 ms] Artifact Instance of 'WindowsEngineArtifacts' is not required, skipping update.
[        ] Artifact Instance of 'MacOSEngineArtifacts' is not required, skipping update.
[        ] Artifact Instance of 'LinuxEngineArtifacts' is not required, skipping update.
[        ] Artifact Instance of 'LinuxFuchsiaSDKArtifacts' is not required, skipping update.
[        ] Artifact Instance of 'MacOSFuchsiaSDKArtifacts' is not required, skipping update.
[        ] Artifact Instance of 'FlutterRunnerSDKArtifacts' is not required, skipping update.
[        ] Artifact Instance of 'FlutterRunnerDebugSymbols' is not required, skipping update.
[  +52 ms] Artifact Instance of 'MaterialFonts' is not required, skipping update.
[        ] Artifact Instance of 'GradleWrapper' is not required, skipping update.
[        ] Artifact Instance of 'AndroidGenSnapshotArtifacts' is not required, skipping update.
[        ] Artifact Instance of 'AndroidInternalBuildArtifacts' is not required, skipping update.
[        ] Artifact Instance of 'IOSEngineArtifacts' is not required, skipping update.
[   +3 ms] Artifact Instance of 'FlutterSdk' is not required, skipping update.
[        ] Artifact Instance of 'WindowsEngineArtifacts' is not required, skipping update.
[        ] Artifact Instance of 'MacOSEngineArtifacts' is not required, skipping update.
[        ] Artifact Instance of 'LinuxEngineArtifacts' is not required, skipping update.
[        ] Artifact Instance of 'LinuxFuchsiaSDKArtifacts' is not required, skipping update.
[        ] Artifact Instance of 'MacOSFuchsiaSDKArtifacts' is not required, skipping update.
[        ] Artifact Instance of 'FlutterRunnerSDKArtifacts' is not required, skipping update.
[        ] Artifact Instance of 'FlutterRunnerDebugSymbols' is not required, skipping update.
[        ] Artifact Instance of 'IosUsbArtifacts' is not required, skipping update.
[        ] Artifact Instance of 'IosUsbArtifacts' is not required, skipping update.
[        ] Artifact Instance of 'IosUsbArtifacts' is not required, skipping update.
[        ] Artifact Instance of 'IosUsbArtifacts' is not required, skipping update.
[        ] Artifact Instance of 'IosUsbArtifacts' is not required, skipping update.
[        ] Artifact Instance of 'FontSubsetArtifacts' is not required, skipping update.
[        ] Artifact Instance of 'PubDependencies' is not required, skipping update.
[  +45 ms] Skipping pub get: version match.
[  +62 ms] Found plugin package_info_plus at /Users/fayzullodavronov/.pub-cache/hosted/pub.dev/package_info_plus-9.0.0/
[   +7 ms] Found plugin path_provider at /Users/fayzullodavronov/.pub-cache/hosted/pub.dev/path_provider-2.1.5/
[   +1 ms] Found plugin path_provider_android at /Users/fayzullodavronov/.pub-cache/hosted/pub.dev/path_provider_android-2.2.15/
[   +1 ms] Found plugin path_provider_foundation at /Users/fayzullodavronov/.pub-cache/hosted/pub.dev/path_provider_foundation-2.4.1/
[   +1 ms] Found plugin path_provider_linux at /Users/fayzullodavronov/.pub-cache/hosted/pub.dev/path_provider_linux-2.2.1/
[   +2 ms] Found plugin path_provider_windows at /Users/fayzullodavronov/.pub-cache/hosted/pub.dev/path_provider_windows-2.3.0/
[   +7 ms] Found plugin shared_preferences at /Users/fayzullodavronov/.pub-cache/hosted/pub.dev/shared_preferences-2.5.3/
[   +1 ms] Found plugin shared_preferences_android at /Users/fayzullodavronov/.pub-cache/hosted/pub.dev/shared_preferences_android-2.4.7/
[   +1 ms] Found plugin shared_preferences_foundation at /Users/fayzullodavronov/.pub-cache/hosted/pub.dev/shared_preferences_foundation-2.5.4/
[   +1 ms] Found plugin shared_preferences_linux at /Users/fayzullodavronov/.pub-cache/hosted/pub.dev/shared_preferences_linux-2.4.1/
[   +2 ms] Found plugin shared_preferences_web at /Users/fayzullodavronov/.pub-cache/hosted/pub.dev/shared_preferences_web-2.4.3/
[   +1 ms] Found plugin shared_preferences_windows at /Users/fayzullodavronov/.pub-cache/hosted/pub.dev/shared_preferences_windows-2.4.1/
[  +10 ms] Found plugin video_player at /Users/fayzullodavronov/.pub-cache/hosted/pub.dev/video_player-2.9.5/
[   +1 ms] Found plugin video_player_android at /Users/fayzullodavronov/.pub-cache/hosted/pub.dev/video_player_android-2.7.16/
[   +1 ms] Found plugin video_player_avfoundation at /Users/fayzullodavronov/.pub-cache/hosted/pub.dev/video_player_avfoundation-2.7.1/
[   +2 ms] Found plugin video_player_web at /Users/fayzullodavronov/.pub-cache/hosted/pub.dev/video_player_web-2.3.5/
[   +3 ms] Found plugin wakelock_plus at /Users/fayzullodavronov/.pub-cache/hosted/pub.dev/wakelock_plus-1.4.0/
[  +27 ms] executing: sysctl hw.optional.arm64
[   +4 ms] Exit code 0 from: sysctl hw.optional.arm64
[        ] hw.optional.arm64: 1
[        ] executing: /usr/bin/arch -arm64e xcrun xcodebuild -version
[  +13 ms] Exit code 72 from: /usr/bin/arch -arm64e xcrun xcodebuild -version
[        ] xcrun: error: unable to find utility "xcodebuild", not a developer tool or in PATH
[  +29 ms] Found plugin package_info_plus at /Users/fayzullodavronov/.pub-cache/hosted/pub.dev/package_info_plus-9.0.0/
[   +2 ms] Found plugin path_provider at /Users/fayzullodavronov/.pub-cache/hosted/pub.dev/path_provider-2.1.5/
[        ] Found plugin path_provider_android at /Users/fayzullodavronov/.pub-cache/hosted/pub.dev/path_provider_android-2.2.15/
[        ] Found plugin path_provider_foundation at /Users/fayzullodavronov/.pub-cache/hosted/pub.dev/path_provider_foundation-2.4.1/
[        ] Found plugin path_provider_linux at /Users/fayzullodavronov/.pub-cache/hosted/pub.dev/path_provider_linux-2.2.1/
[   +1 ms] Found plugin path_provider_windows at /Users/fayzullodavronov/.pub-cache/hosted/pub.dev/path_provider_windows-2.3.0/
[   +4 ms] Found plugin shared_preferences at /Users/fayzullodavronov/.pub-cache/hosted/pub.dev/shared_preferences-2.5.3/
[        ] Found plugin shared_preferences_android at /Users/fayzullodavronov/.pub-cache/hosted/pub.dev/shared_preferences_android-2.4.7/
[        ] Found plugin shared_preferences_foundation at /Users/fayzullodavronov/.pub-cache/hosted/pub.dev/shared_preferences_foundation-2.5.4/
[        ] Found plugin shared_preferences_linux at /Users/fayzullodavronov/.pub-cache/hosted/pub.dev/shared_preferences_linux-2.4.1/
[   +1 ms] Found plugin shared_preferences_web at /Users/fayzullodavronov/.pub-cache/hosted/pub.dev/shared_preferences_web-2.4.3/
[        ] Found plugin shared_preferences_windows at /Users/fayzullodavronov/.pub-cache/hosted/pub.dev/shared_preferences_windows-2.4.1/
[   +4 ms] Found plugin video_player at /Users/fayzullodavronov/.pub-cache/hosted/pub.dev/video_player-2.9.5/
[        ] Found plugin video_player_android at /Users/fayzullodavronov/.pub-cache/hosted/pub.dev/video_player_android-2.7.16/
[        ] Found plugin video_player_avfoundation at /Users/fayzullodavronov/.pub-cache/hosted/pub.dev/video_player_avfoundation-2.7.1/
[        ] Found plugin video_player_web at /Users/fayzullodavronov/.pub-cache/hosted/pub.dev/video_player_web-2.3.5/
[   +1 ms] Found plugin wakelock_plus at /Users/fayzullodavronov/.pub-cache/hosted/pub.dev/wakelock_plus-1.4.0/
[  +60 ms] Found plugin package_info_plus at /Users/fayzullodavronov/.pub-cache/hosted/pub.dev/package_info_plus-9.0.0/
[   +1 ms] Found plugin path_provider at /Users/fayzullodavronov/.pub-cache/hosted/pub.dev/path_provider-2.1.5/
[        ] Found plugin path_provider_android at /Users/fayzullodavronov/.pub-cache/hosted/pub.dev/path_provider_android-2.2.15/
[        ] Found plugin path_provider_foundation at /Users/fayzullodavronov/.pub-cache/hosted/pub.dev/path_provider_foundation-2.4.1/
[        ] Found plugin path_provider_linux at /Users/fayzullodavronov/.pub-cache/hosted/pub.dev/path_provider_linux-2.2.1/
[        ] Found plugin path_provider_windows at /Users/fayzullodavronov/.pub-cache/hosted/pub.dev/path_provider_windows-2.3.0/
[   +2 ms] Found plugin shared_preferences at /Users/fayzullodavronov/.pub-cache/hosted/pub.dev/shared_preferences-2.5.3/
[        ] Found plugin shared_preferences_android at /Users/fayzullodavronov/.pub-cache/hosted/pub.dev/shared_preferences_android-2.4.7/
[        ] Found plugin shared_preferences_foundation at /Users/fayzullodavronov/.pub-cache/hosted/pub.dev/shared_preferences_foundation-2.5.4/
[        ] Found plugin shared_preferences_linux at /Users/fayzullodavronov/.pub-cache/hosted/pub.dev/shared_preferences_linux-2.4.1/
[        ] Found plugin shared_preferences_web at /Users/fayzullodavronov/.pub-cache/hosted/pub.dev/shared_preferences_web-2.4.3/
[        ] Found plugin shared_preferences_windows at /Users/fayzullodavronov/.pub-cache/hosted/pub.dev/shared_preferences_windows-2.4.1/
[   +3 ms] Found plugin video_player at /Users/fayzullodavronov/.pub-cache/hosted/pub.dev/video_player-2.9.5/
[        ] Found plugin video_player_android at /Users/fayzullodavronov/.pub-cache/hosted/pub.dev/video_player_android-2.7.16/
[        ] Found plugin video_player_avfoundation at /Users/fayzullodavronov/.pub-cache/hosted/pub.dev/video_player_avfoundation-2.7.1/
[        ] Found plugin video_player_web at /Users/fayzullodavronov/.pub-cache/hosted/pub.dev/video_player_web-2.3.5/
[   +1 ms] Found plugin wakelock_plus at /Users/fayzullodavronov/.pub-cache/hosted/pub.dev/wakelock_plus-1.4.0/
[   +8 ms] Generating /Users/fayzullodavronov/Desktop/KidsApp/android/app/src/main/java/io/flutter/plugins/GeneratedPluginRegistrant.java
[   +3 ms] executing: /usr/bin/arch -arm64e xcrun xcodebuild -version
[  +12 ms] Exit code 72 from: /usr/bin/arch -arm64e xcrun xcodebuild -version
[        ] xcrun: error: unable to find utility "xcodebuild", not a developer tool or in PATH
[   +3 ms] executing: /usr/bin/arch -arm64e xcrun xcodebuild -version
[  +11 ms] Exit code 72 from: /usr/bin/arch -arm64e xcrun xcodebuild -version
[        ] xcrun: error: unable to find utility "xcodebuild", not a developer tool or in PATH
[        ] executing: /usr/bin/arch -arm64e xcrun xcodebuild -version
[  +10 ms] Exit code 72 from: /usr/bin/arch -arm64e xcrun xcodebuild -version
[        ] xcrun: error: unable to find utility "xcodebuild", not a developer tool or in PATH
[        ] executing: /usr/bin/arch -arm64e xcrun xcodebuild -version
[  +11 ms] Exit code 72 from: /usr/bin/arch -arm64e xcrun xcodebuild -version
[        ] xcrun: error: unable to find utility "xcodebuild", not a developer tool or in PATH
[        ] executing: /usr/bin/arch -arm64e xcrun xcodebuild -version
[  +10 ms] Exit code 72 from: /usr/bin/arch -arm64e xcrun xcodebuild -version
[        ] xcrun: error: unable to find utility "xcodebuild", not a developer tool or in PATH
[        ] executing: /usr/bin/arch -arm64e xcrun xcodebuild -version
[  +10 ms] Exit code 72 from: /usr/bin/arch -arm64e xcrun xcodebuild -version
[        ] xcrun: error: unable to find utility "xcodebuild", not a developer tool or in PATH
[        ] executing: /usr/bin/arch -arm64e xcrun xcodebuild -version
[  +10 ms] Exit code 72 from: /usr/bin/arch -arm64e xcrun xcodebuild -version
[        ] xcrun: error: unable to find utility "xcodebuild", not a developer tool or in PATH
[        ] executing: /usr/bin/arch -arm64e xcrun xcodebuild -version
[  +10 ms] Exit code 72 from: /usr/bin/arch -arm64e xcrun xcodebuild -version
[        ] xcrun: error: unable to find utility "xcodebuild", not a developer tool or in PATH
[        ] executing: /usr/bin/arch -arm64e xcrun xcodebuild -version
[  +10 ms] Exit code 72 from: /usr/bin/arch -arm64e xcrun xcodebuild -version
[        ] xcrun: error: unable to find utility "xcodebuild", not a developer tool or in PATH
[  +72 ms] Found plugin package_info_plus at /Users/fayzullodavronov/.pub-cache/hosted/pub.dev/package_info_plus-9.0.0/
[   +2 ms] Found plugin path_provider at /Users/fayzullodavronov/.pub-cache/hosted/pub.dev/path_provider-2.1.5/
[   +1 ms] Found plugin path_provider_android at /Users/fayzullodavronov/.pub-cache/hosted/pub.dev/path_provider_android-2.2.15/
[        ] Found plugin path_provider_foundation at /Users/fayzullodavronov/.pub-cache/hosted/pub.dev/path_provider_foundation-2.4.1/
[        ] Found plugin path_provider_linux at /Users/fayzullodavronov/.pub-cache/hosted/pub.dev/path_provider_linux-2.2.1/
[   +1 ms] Found plugin path_provider_windows at /Users/fayzullodavronov/.pub-cache/hosted/pub.dev/path_provider_windows-2.3.0/
[   +3 ms] Found plugin shared_preferences at /Users/fayzullodavronov/.pub-cache/hosted/pub.dev/shared_preferences-2.5.3/
[        ] Found plugin shared_preferences_android at /Users/fayzullodavronov/.pub-cache/hosted/pub.dev/shared_preferences_android-2.4.7/
[   +1 ms] Found plugin shared_preferences_foundation at /Users/fayzullodavronov/.pub-cache/hosted/pub.dev/shared_preferences_foundation-2.5.4/
[        ] Found plugin shared_preferences_linux at /Users/fayzullodavronov/.pub-cache/hosted/pub.dev/shared_preferences_linux-2.4.1/
[   +1 ms] Found plugin shared_preferences_web at /Users/fayzullodavronov/.pub-cache/hosted/pub.dev/shared_preferences_web-2.4.3/
[        ] Found plugin shared_preferences_windows at /Users/fayzullodavronov/.pub-cache/hosted/pub.dev/shared_preferences_windows-2.4.1/
[   +4 ms] Found plugin video_player at /Users/fayzullodavronov/.pub-cache/hosted/pub.dev/video_player-2.9.5/
[        ] Found plugin video_player_android at /Users/fayzullodavronov/.pub-cache/hosted/pub.dev/video_player_android-2.7.16/
[        ] Found plugin video_player_avfoundation at /Users/fayzullodavronov/.pub-cache/hosted/pub.dev/video_player_avfoundation-2.7.1/
[   +1 ms] Found plugin video_player_web at /Users/fayzullodavronov/.pub-cache/hosted/pub.dev/video_player_web-2.3.5/
[   +1 ms] Found plugin wakelock_plus at /Users/fayzullodavronov/.pub-cache/hosted/pub.dev/wakelock_plus-1.4.0/
[   +5 ms] generated_plugin_registrant.dart not found. Skipping.
[        ] Compiling lib/main.dart for the Web...
[   +3 ms] Initializing file store
[        ] Done initializing file store
[  +23 ms] Skipping target: web_entrypoint
[        ] Skipping target: gen_localizations
[        ] invalidated build due to missing files: /Users/fayzullodavronov/Desktop/KidsApp/web/*/index.html, /Users/fayzullodavronov/Desktop/KidsApp/web/flutter_bootstrap.js
[        ] web_templated_files: Starting due to {InvalidatedReasonKind.outputMissing: The following outputs were missing: /Users/fayzullodavronov/Desktop/KidsApp/build/web/*/index.html, InvalidatedReasonKind.inputMissing: The following inputs were missing: /Users/fayzullodavronov/Desktop/KidsApp/web/*/index.html,/Users/fayzullodavronov/Desktop/KidsApp/web/flutter_bootstrap.js}
[        ] web_static_assets: Starting due to {InvalidatedReasonKind.outputMissing: The following outputs were missing: /Users/fayzullodavronov/Desktop/KidsApp/.dart_tool/flutter_build/b8e209ee15a5f57b8c947ee27a6e5f02/flutter.js,/Users/fayzullodavronov/Desktop/KidsApp/.dart_tool/flutter_build/b8e209ee15a5f57b8c947ee27a6e5f02/canvaskit/skwasm.js,/Users/fayzullodavronov/Desktop/KidsApp/.dart_tool/flutter_build/b8e209ee15a5f57b8c947ee27a6e5f02/canvaskit/skwasm.js.symbols,/Users/fayzullodavronov/Desktop/KidsApp/.dart_tool/flutter_build/b8e209ee15a5f57b8c947ee27a6e5f02/canvaskit/canvaskit.js.symbols,/Users/fayzullodavronov/Desktop/KidsApp/.dart_tool/flutter_build/b8e209ee15a5f57b8c947ee27a6e5f02/canvaskit/skwasm.wasm,/Users/fayzullodavronov/Desktop/KidsApp/.dart_tool/flutter_build/b8e209ee15a5f57b8c947ee27a6e5f02/canvaskit/chromium/canvaskit.js.symbols,/Users/fayzullodavronov/Desktop/KidsApp/.dart_tool/flutter_build/b8e209ee15a5f57b8c947ee27a6e5f02/canvaskit/chromium/canvaskit.js,/Users/fayzullodavronov/Desktop/KidsApp/.dart_tool/flutter_build/b8e209ee15a5f57b8c947ee27a6e5f02/canvaskit/chromium/canvaskit.wasm,/Users/fayzullodavronov/Desktop/KidsApp/.dart_tool/flutter_build/b8e209ee15a5f57b8c947ee27a6e5f02/canvaskit/canvaskit.js,/Users/fayzullodavronov/Desktop/KidsApp/.dart_tool/flutter_build/b8e209ee15a5f57b8c947ee27a6e5f02/canvaskit/canvaskit.wasm,/Users/fayzullodavronov/Desktop/KidsApp/.dart_tool/flutter_build/b8e209ee15a5f57b8c947ee27a6e5f02/canvaskit/skwasm.worker.js}
[  +80 ms] dart2js: Starting due to {}
[   +2 ms] executing: /Users/fayzullodavronov/development/flutter/bin/cache/dart-sdk/bin/dart --disable-dart-dev /Users/fayzullodavronov/development/flutter/bin/cache/dart-sdk/bin/snapshots/dart2js.dart.snapshot --platform-binaries=/Users/fayzullodavronov/development/flutter/bin/cache/flutter_web_sdk/kernel --invoker=flutter_tool -Ddart.vm.product=true -DFLUTTER_WEB_AUTO_DETECT=false -DFLUTTER_WEB_USE_SKIA=true -DFLUTTER_WEB_CANVASKIT_URL=https://www.gstatic.com/flutter-canvaskit/a18df97ca57a249df5d8d68cd0820600223ce262/ --native-null-assertions --no-source-maps -o /Users/fayzullodavronov/Desktop/KidsApp/.dart_tool/flutter_build/b8e209ee15a5f57b8c947ee27a6e5f02/app.dill --packages=.dart_tool/package_config.json --cfe-only /Users/fayzullodavronov/Desktop/KidsApp/.dart_tool/flutter_build/b8e209ee15a5f57b8c947ee27a6e5f02/main.dart
[        ] web_static_assets: Complete
[  +39 ms] web_templated_files: Complete
[+11426 ms] Error: Couldn't resolve the package 'confetti' in 'package:confetti/confetti.dart'.
            lib/widgets/question_widget.dart:3:8:
            Error: Not found: 'package:confetti/confetti.dart'
            import 'package:confetti/confetti.dart';
                   ^
            lib/widgets/question_widget.dart:20:8:
            Error: Type 'ConfettiController' not found.
              late ConfettiController _confettiController;
                   ^^^^^^^^^^^^^^^^^^
            lib/widgets/question_widget.dart:20:8:
            Error: 'ConfettiController' isn't a type.
              late ConfettiController _confettiController;
                   ^^^^^^^^^^^^^^^^^^
            lib/widgets/question_widget.dart:27:27:
            Error: The method 'ConfettiController' isn't defined for the class '_QuestionWidgetState'.
             - '_QuestionWidgetState' is from 'package:kids_learning_app/widgets/question_widget.dart' ('lib/widgets/question_widget.dart').
                _confettiController = ConfettiController(duration: const Duration(seconds: 2));
                                      ^^^^^^^^^^^^^^^^^^
            lib/widgets/question_widget.dart:125:18:
            Error: The method 'ConfettiWidget' isn't defined for the class '_QuestionWidgetState'.
             - '_QuestionWidgetState' is from 'package:kids_learning_app/widgets/question_widget.dart' ('lib/widgets/question_widget.dart').
                      child: ConfettiWidget(
                             ^^^^^^^^^^^^^^
            lib/widgets/question_widget.dart:127:34:
            Error: The getter 'BlastDirectionality' isn't defined for the class '_QuestionWidgetState'.
             - '_QuestionWidgetState' is from 'package:kids_learning_app/widgets/question_widget.dart' ('lib/widgets/question_widget.dart').
                        blastDirectionality: BlastDirectionality.explosive,
                                             ^^^^^^^^^^^^^^^^^^^
            Error: Compilation failed.
[   +4 ms] Persisting file store
[   +2 ms] Done persisting file store
[   +2 ms] Target dart2js failed: ProcessException: Process exited abnormally with exit code 1:
           Error: Couldn't resolve the package 'confetti' in 'package:confetti/confetti.dart'.
           lib/widgets/question_widget.dart:3:8:
           Error: Not found: 'package:confetti/confetti.dart'
           import 'package:confetti/confetti.dart';
                  ^
           lib/widgets/question_widget.dart:20:8:
           Error: Type 'ConfettiController' not found.
             late ConfettiController _confettiController;
                  ^^^^^^^^^^^^^^^^^^
           lib/widgets/question_widget.dart:20:8:
           Error: 'ConfettiController' isn't a type.
             late ConfettiController _confettiController;
                  ^^^^^^^^^^^^^^^^^^
           lib/widgets/question_widget.dart:27:27:
           Error: The method 'ConfettiController' isn't defined for the class '_QuestionWidgetState'.
            - '_QuestionWidgetState' is from 'package:kids_learning_app/widgets/question_widget.dart' ('lib/widgets/question_widget.dart').
               _confettiController = ConfettiController(duration: const Duration(seconds: 2));
                                     ^^^^^^^^^^^^^^^^^^
           lib/widgets/question_widget.dart:125:18:
           Error: The method 'ConfettiWidget' isn't defined for the class '_QuestionWidgetState'.
            - '_QuestionWidgetState' is from 'package:kids_learning_app/widgets/question_widget.dart' ('lib/widgets/question_widget.dart').
                     child: ConfettiWidget(
                            ^^^^^^^^^^^^^^
           lib/widgets/question_widget.dart:127:34:
           Error: The getter 'BlastDirectionality' isn't defined for the class '_QuestionWidgetState'.
            - '_QuestionWidgetState' is from 'package:kids_learning_app/widgets/question_widget.dart' ('lib/widgets/question_widget.dart').
                       blastDirectionality: BlastDirectionality.explosive,
                                            ^^^^^^^^^^^^^^^^^^^
           Error: Compilation failed.
             Command: /Users/fayzullodavronov/development/flutter/bin/cache/dart-sdk/bin/dart --disable-dart-dev /Users/fayzullodavronov/development/flutter/bin/cache/dart-sdk/bin/snapshots/dart2js.dart.snapshot --platform-binaries=/Users/fayzullodavronov/development/flutter/bin/cache/flutter_web_sdk/kernel --invoker=flutter_tool -Ddart.vm.product=true -DFLUTTER_WEB_AUTO_DETECT=false -DFLUTTER_WEB_USE_SKIA=true -DFLUTTER_WEB_CANVASKIT_URL=https://www.gstatic.com/flutter-canvaskit/a18df97ca57a249df5d8d68cd0820600223ce262/ --native-null-assertions --no-source-maps -o /Users/fayzullodavronov/Desktop/KidsApp/.dart_tool/flutter_build/b8e209ee15a5f57b8c947ee27a6e5f02/app.dill --packages=.dart_tool/package_config.json --cfe-only /Users/fayzullodavronov/Desktop/KidsApp/.dart_tool/flutter_build/b8e209ee15a5f57b8c947ee27a6e5f02/main.dart
           #0      RunResult.throwException (package:flutter_tools/src/base/process.dart:122:5)
           #1      _DefaultProcessUtils.run (package:flutter_tools/src/base/process.dart:370:19)
           <asynchronous suspension>
           #2      Dart2JSTarget.build (package:flutter_tools/src/build_system/targets/web.dart:203:5)
           <asynchronous suspension>
           #3      _BuildInstance._invokeInternal (package:flutter_tools/src/build_system/build_system.dart:875:9)
           <asynchronous suspension>
           #4      Future.wait.<anonymous closure> (dart:async/future.dart:534:21)
           <asynchronous suspension>
           #5      _BuildInstance.invokeTarget (package:flutter_tools/src/build_system/build_system.dart:813:32)
           <asynchronous suspension>
           #6      Future.wait.<anonymous closure> (dart:async/future.dart:534:21)
           <asynchronous suspension>
           #7      _BuildInstance.invokeTarget (package:flutter_tools/src/build_system/build_system.dart:813:32)
           <asynchronous suspension>
           #8      FlutterBuildSystem.build (package:flutter_tools/src/build_system/build_system.dart:635:16)
           <asynchronous suspension>
           #9      WebBuilder.buildWeb (package:flutter_tools/src/web/compile.dart:92:34)
           <asynchronous suspension>
           #10     BuildWebCommand.runCommand (package:flutter_tools/src/commands/build_web.dart:230:5)
           <asynchronous suspension>
           #11     FlutterCommand.run.<anonymous closure> (package:flutter_tools/src/runner/flutter_command.dart:1408:27)
           <asynchronous suspension>
           #12     AppContext.run.<anonymous closure> (package:flutter_tools/src/base/context.dart:153:19)
           <asynchronous suspension>
           #13     CommandRunner.runCommand (package:args/command_runner.dart:212:13)
           <asynchronous suspension>
           #14     FlutterCommandRunner.runCommand.<anonymous closure> (package:flutter_tools/src/runner/flutter_command_runner.dart:420:9)
           <asynchronous suspension>
           #15     AppContext.run.<anonymous closure> (package:flutter_tools/src/base/context.dart:153:19)
           <asynchronous suspension>
           #16     FlutterCommandRunner.runCommand (package:flutter_tools/src/runner/flutter_command_runner.dart:364:5)
           <asynchronous suspension>
           #17     run.<anonymous closure>.<anonymous closure> (package:flutter_tools/runner.dart:130:9)
           <asynchronous suspension>
           #18     AppContext.run.<anonymous closure> (package:flutter_tools/src/base/context.dart:153:19)
           <asynchronous suspension>
           #19     main (package:flutter_tools/executable.dart:93:3)
           <asynchronous suspension>

[   +9 ms] Compiling lib/main.dart for the Web... (completed in 11.6s)
[        ] "flutter web" took 12,227ms.
[   +5 ms] Error: Failed to compile application for the Web.
[        ] 
           #0      throwToolExit (package:flutter_tools/src/base/common.dart:10:3)
           #1      WebBuilder.buildWeb (package:flutter_tools/src/web/compile.dart:129:7)
           <asynchronous suspension>
           #2      BuildWebCommand.runCommand (package:flutter_tools/src/commands/build_web.dart:230:5)
           <asynchronous suspension>
           #3      FlutterCommand.run.<anonymous closure> (package:flutter_tools/src/runner/flutter_command.dart:1408:27)
           <asynchronous suspension>
           #4      AppContext.run.<anonymous closure> (package:flutter_tools/src/base/context.dart:153:19)
           <asynchronous suspension>
           #5      CommandRunner.runCommand (package:args/command_runner.dart:212:13)
           <asynchronous suspension>
           #6      FlutterCommandRunner.runCommand.<anonymous closure> (package:flutter_tools/src/runner/flutter_command_runner.dart:420:9)
           <asynchronous suspension>
           #7      AppContext.run.<anonymous closure> (package:flutter_tools/src/base/context.dart:153:19)
           <asynchronous suspension>
           #8      FlutterCommandRunner.runCommand (package:flutter_tools/src/runner/flutter_command_runner.dart:364:5)
           <asynchronous suspension>
           #9      run.<anonymous closure>.<anonymous closure> (package:flutter_tools/runner.dart:130:9)
           <asynchronous suspension>
           #10     AppContext.run.<anonymous closure> (package:flutter_tools/src/base/context.dart:153:19)
           <asynchronous suspension>
           #11     main (package:flutter_tools/executable.dart:93:3)
           <asynchronous suspension>


[ +187 ms] ensureAnalyticsSent: 185ms
[        ] Running 1 shutdown hook
[   +1 ms] Shutdown hooks complete
[ +267 ms] exiting with code 1
