[   +5 ms] executing: sw_vers -productName
[  +21 ms] Exit code 0 from: sw_vers -productName
[        ] macOS
[        ] executing: sw_vers -productVersion
[  +12 ms] Exit code 0 from: sw_vers -productVersion
[        ] 26.1
[        ] executing: sw_vers -buildVersion
[  +13 ms] Exit code 0 from: sw_vers -buildVersion
[        ] 25B78
[        ] executing: uname -m
[   +3 ms] Exit code 0 from: uname -m
[        ] arm64
[   +4 ms] executing: sysctl hw.optional.arm64
[   +4 ms] Exit code 0 from: sysctl hw.optional.arm64
[        ] hw.optional.arm64: 1
[  +83 ms] Artifact Instance of 'AndroidGenSnapshotArtifacts' is not required, skipping update.
[        ] Artifact Instance of 'AndroidInternalBuildArtifacts' is not required, skipping update.
[        ] Artifact Instance of 'IOSEngineArtifacts' is not required, skipping update.
[        ] Artifact Instance of 'FlutterWebSdk' is not required, skipping update.
[        ] Artifact Instance of 'LegacyCanvasKitRemover' is not required, skipping update.
[   +2 ms] Artifact Instance of 'WindowsEngineArtifacts' is not required, skipping update.
[        ] Artifact Instance of 'MacOSEngineArtifacts' is not required, skipping update.
[        ] Artifact Instance of 'LinuxEngineArtifacts' is not required, skipping update.
[        ] Artifact Instance of 'LinuxFuchsiaSDKArtifacts' is not required, skipping update.
[        ] Artifact Instance of 'MacOSFuchsiaSDKArtifacts' is not required, skipping update.
[        ] Artifact Instance of 'FlutterRunnerSDKArtifacts' is not required, skipping update.
[        ] Artifact Instance of 'FlutterRunnerDebugSymbols' is not required, skipping update.
[  +32 ms] Artifact Instance of 'MaterialFonts' is not required, skipping update.
[        ] Artifact Instance of 'GradleWrapper' is not required, skipping update.
[        ] Artifact Instance of 'AndroidGenSnapshotArtifacts' is not required, skipping update.
[        ] Artifact Instance of 'AndroidInternalBuildArtifacts' is not required, skipping update.
[        ] Artifact Instance of 'IOSEngineArtifacts' is not required, skipping update.
[   +2 ms] Artifact Instance of 'FlutterSdk' is not required, skipping update.
[        ] Artifact Instance of 'WindowsEngineArtifacts' is not required, skipping update.
[        ] Artifact Instance of 'MacOSEngineArtifacts' is not required, skipping update.
[        ] Artifact Instance of 'LinuxEngineArtifacts' is not required, skipping update.
[        ] Artifact Instance of 'LinuxFuchsiaSDKArtifacts' is not required, skipping update.
[        ] Artifact Instance of 'MacOSFuchsiaSDKArtifacts' is not required, skipping update.
[        ] Artifact Instance of 'FlutterRunnerSDKArtifacts' is not required, skipping update.
[        ] Artifact Instance of 'FlutterRunnerDebugSymbols' is not required, skipping update.
[        ] Artifact Instance of 'IosUsbArtifacts' is not required, skipping update.
[        ] Artifact Instance of 'IosUsbArtifacts' is not required, skipping update.
[        ] Artifact Instance of 'IosUsbArtifacts' is not required, skipping update.
[        ] Artifact Instance of 'IosUsbArtifacts' is not required, skipping update.
[        ] Artifact Instance of 'IosUsbArtifacts' is not required, skipping update.
[        ] Artifact Instance of 'FontSubsetArtifacts' is not required, skipping update.
[        ] Artifact Instance of 'PubDependencies' is not required, skipping update.
[  +48 ms] Skipping pub get: version match.
[  +27 ms] Found plugin app_links at /Users/fayzullodavronov/.pub-cache/hosted/pub.dev/app_links-6.4.1/
[   +5 ms] Found plugin app_links_linux at /Users/fayzullodavronov/.pub-cache/hosted/pub.dev/app_links_linux-1.0.3/
[   +3 ms] Found plugin app_links_web at /Users/fayzullodavronov/.pub-cache/hosted/pub.dev/app_links_web-1.0.4/
[   +6 ms] Found plugin audioplayers at /Users/fayzullodavronov/.pub-cache/hosted/pub.dev/audioplayers-6.4.0/
[   +2 ms] Found plugin audioplayers_android at /Users/fayzullodavronov/.pub-cache/hosted/pub.dev/audioplayers_android-5.2.0/
[   +2 ms] Found plugin audioplayers_darwin at /Users/fayzullodavronov/.pub-cache/hosted/pub.dev/audioplayers_darwin-6.2.0/
[   +1 ms] Found plugin audioplayers_linux at /Users/fayzullodavronov/.pub-cache/hosted/pub.dev/audioplayers_linux-4.2.0/
[   +2 ms] Found plugin audioplayers_web at /Users/fayzullodavronov/.pub-cache/hosted/pub.dev/audioplayers_web-5.1.0/
[   +2 ms] Found plugin audioplayers_windows at /Users/fayzullodavronov/.pub-cache/hosted/pub.dev/audioplayers_windows-4.2.0/
[  +26 ms] Found plugin gtk at /Users/fayzullodavronov/.pub-cache/hosted/pub.dev/gtk-2.1.0/
[  +17 ms] Found plugin package_info_plus at /Users/fayzullodavronov/.pub-cache/hosted/pub.dev/package_info_plus-9.0.0/
[   +3 ms] Found plugin path_provider at /Users/fayzullodavronov/.pub-cache/hosted/pub.dev/path_provider-2.1.5/
[   +1 ms] Found plugin path_provider_android at /Users/fayzullodavronov/.pub-cache/hosted/pub.dev/path_provider_android-2.2.15/
[   +1 ms] Found plugin path_provider_foundation at /Users/fayzullodavronov/.pub-cache/hosted/pub.dev/path_provider_foundation-2.4.1/
[   +1 ms] Found plugin path_provider_linux at /Users/fayzullodavronov/.pub-cache/hosted/pub.dev/path_provider_linux-2.2.1/
[   +2 ms] Found plugin path_provider_windows at /Users/fayzullodavronov/.pub-cache/hosted/pub.dev/path_provider_windows-2.3.0/
[   +9 ms] Found plugin shared_preferences at /Users/fayzullodavronov/.pub-cache/hosted/pub.dev/shared_preferences-2.5.3/
[        ] Found plugin shared_preferences_android at /Users/fayzullodavronov/.pub-cache/hosted/pub.dev/shared_preferences_android-2.4.7/
[        ] Found plugin shared_preferences_foundation at /Users/fayzullodavronov/.pub-cache/hosted/pub.dev/shared_preferences_foundation-2.5.4/
[        ] Found plugin shared_preferences_linux at /Users/fayzullodavronov/.pub-cache/hosted/pub.dev/shared_preferences_linux-2.4.1/
[   +1 ms] Found plugin shared_preferences_web at /Users/fayzullodavronov/.pub-cache/hosted/pub.dev/shared_preferences_web-2.4.3/
[        ] Found plugin shared_preferences_windows at /Users/fayzullodavronov/.pub-cache/hosted/pub.dev/shared_preferences_windows-2.4.1/
[   +9 ms] Found plugin url_launcher at /Users/fayzullodavronov/.pub-cache/hosted/pub.dev/url_launcher-6.3.1/
[        ] Found plugin url_launcher_android at /Users/fayzullodavronov/.pub-cache/hosted/pub.dev/url_launcher_android-6.3.14/
[        ] Found plugin url_launcher_ios at /Users/fayzullodavronov/.pub-cache/hosted/pub.dev/url_launcher_ios-6.3.3/
[        ] Found plugin url_launcher_linux at /Users/fayzullodavronov/.pub-cache/hosted/pub.dev/url_launcher_linux-3.2.1/
[   +1 ms] Found plugin url_launcher_macos at /Users/fayzullodavronov/.pub-cache/hosted/pub.dev/url_launcher_macos-3.2.2/
[   +1 ms] Found plugin url_launcher_web at /Users/fayzullodavronov/.pub-cache/hosted/pub.dev/url_launcher_web-2.3.3/
[        ] Found plugin url_launcher_windows at /Users/fayzullodavronov/.pub-cache/hosted/pub.dev/url_launcher_windows-3.1.4/
[   +2 ms] Found plugin video_player at /Users/fayzullodavronov/.pub-cache/hosted/pub.dev/video_player-2.9.5/
[        ] Found plugin video_player_android at /Users/fayzullodavronov/.pub-cache/hosted/pub.dev/video_player_android-2.7.16/
[        ] Found plugin video_player_avfoundation at /Users/fayzullodavronov/.pub-cache/hosted/pub.dev/video_player_avfoundation-2.7.1/
[   +1 ms] Found plugin video_player_web at /Users/fayzullodavronov/.pub-cache/hosted/pub.dev/video_player_web-2.3.5/
[   +1 ms] Found plugin wakelock_plus at /Users/fayzullodavronov/.pub-cache/hosted/pub.dev/wakelock_plus-1.4.0/
[  +23 ms] executing: sysctl hw.optional.arm64
[   +4 ms] Exit code 0 from: sysctl hw.optional.arm64
[        ] hw.optional.arm64: 1
[        ] executing: /usr/bin/arch -arm64e xcrun xcodebuild -version
[  +13 ms] Exit code 72 from: /usr/bin/arch -arm64e xcrun xcodebuild -version
[        ] xcrun: error: unable to find utility "xcodebuild", not a developer tool or in PATH
[  +11 ms] Found plugin app_links at /Users/fayzullodavronov/.pub-cache/hosted/pub.dev/app_links-6.4.1/
[        ] Found plugin app_links_linux at /Users/fayzullodavronov/.pub-cache/hosted/pub.dev/app_links_linux-1.0.3/
[   +1 ms] Found plugin app_links_web at /Users/fayzullodavronov/.pub-cache/hosted/pub.dev/app_links_web-1.0.4/
[   +2 ms] Found plugin audioplayers at /Users/fayzullodavronov/.pub-cache/hosted/pub.dev/audioplayers-6.4.0/
[   +1 ms] Found plugin audioplayers_android at /Users/fayzullodavronov/.pub-cache/hosted/pub.dev/audioplayers_android-5.2.0/
[        ] Found plugin audioplayers_darwin at /Users/fayzullodavronov/.pub-cache/hosted/pub.dev/audioplayers_darwin-6.2.0/
[        ] Found plugin audioplayers_linux at /Users/fayzullodavronov/.pub-cache/hosted/pub.dev/audioplayers_linux-4.2.0/
[   +1 ms] Found plugin audioplayers_web at /Users/fayzullodavronov/.pub-cache/hosted/pub.dev/audioplayers_web-5.1.0/
[        ] Found plugin audioplayers_windows at /Users/fayzullodavronov/.pub-cache/hosted/pub.dev/audioplayers_windows-4.2.0/
[  +14 ms] Found plugin gtk at /Users/fayzullodavronov/.pub-cache/hosted/pub.dev/gtk-2.1.0/
[   +7 ms] Found plugin package_info_plus at /Users/fayzullodavronov/.pub-cache/hosted/pub.dev/package_info_plus-9.0.0/
[   +1 ms] Found plugin path_provider at /Users/fayzullodavronov/.pub-cache/hosted/pub.dev/path_provider-2.1.5/
[        ] Found plugin path_provider_android at /Users/fayzullodavronov/.pub-cache/hosted/pub.dev/path_provider_android-2.2.15/
[        ] Found plugin path_provider_foundation at /Users/fayzullodavronov/.pub-cache/hosted/pub.dev/path_provider_foundation-2.4.1/
[        ] Found plugin path_provider_linux at /Users/fayzullodavronov/.pub-cache/hosted/pub.dev/path_provider_linux-2.2.1/
[        ] Found plugin path_provider_windows at /Users/fayzullodavronov/.pub-cache/hosted/pub.dev/path_provider_windows-2.3.0/
[   +6 ms] Found plugin shared_preferences at /Users/fayzullodavronov/.pub-cache/hosted/pub.dev/shared_preferences-2.5.3/
[        ] Found plugin shared_preferences_android at /Users/fayzullodavronov/.pub-cache/hosted/pub.dev/shared_preferences_android-2.4.7/
[        ] Found plugin shared_preferences_foundation at /Users/fayzullodavronov/.pub-cache/hosted/pub.dev/shared_preferences_foundation-2.5.4/
[        ] Found plugin shared_preferences_linux at /Users/fayzullodavronov/.pub-cache/hosted/pub.dev/shared_preferences_linux-2.4.1/
[   +1 ms] Found plugin shared_preferences_web at /Users/fayzullodavronov/.pub-cache/hosted/pub.dev/shared_preferences_web-2.4.3/
[        ] Found plugin shared_preferences_windows at /Users/fayzullodavronov/.pub-cache/hosted/pub.dev/shared_preferences_windows-2.4.1/
[   +5 ms] Found plugin url_launcher at /Users/fayzullodavronov/.pub-cache/hosted/pub.dev/url_launcher-6.3.1/
[        ] Found plugin url_launcher_android at /Users/fayzullodavronov/.pub-cache/hosted/pub.dev/url_launcher_android-6.3.14/
[        ] Found plugin url_launcher_ios at /Users/fayzullodavronov/.pub-cache/hosted/pub.dev/url_launcher_ios-6.3.3/
[        ] Found plugin url_launcher_linux at /Users/fayzullodavronov/.pub-cache/hosted/pub.dev/url_launcher_linux-3.2.1/
[        ] Found plugin url_launcher_macos at /Users/fayzullodavronov/.pub-cache/hosted/pub.dev/url_launcher_macos-3.2.2/
[   +1 ms] Found plugin url_launcher_web at /Users/fayzullodavronov/.pub-cache/hosted/pub.dev/url_launcher_web-2.3.3/
[        ] Found plugin url_launcher_windows at /Users/fayzullodavronov/.pub-cache/hosted/pub.dev/url_launcher_windows-3.1.4/
[   +1 ms] Found plugin video_player at /Users/fayzullodavronov/.pub-cache/hosted/pub.dev/video_player-2.9.5/
[        ] Found plugin video_player_android at /Users/fayzullodavronov/.pub-cache/hosted/pub.dev/video_player_android-2.7.16/
[        ] Found plugin video_player_avfoundation at /Users/fayzullodavronov/.pub-cache/hosted/pub.dev/video_player_avfoundation-2.7.1/
[        ] Found plugin video_player_web at /Users/fayzullodavronov/.pub-cache/hosted/pub.dev/video_player_web-2.3.5/
[   +1 ms] Found plugin wakelock_plus at /Users/fayzullodavronov/.pub-cache/hosted/pub.dev/wakelock_plus-1.4.0/
[  +22 ms] Found plugin app_links at /Users/fayzullodavronov/.pub-cache/hosted/pub.dev/app_links-6.4.1/
[        ] Found plugin app_links_linux at /Users/fayzullodavronov/.pub-cache/hosted/pub.dev/app_links_linux-1.0.3/
[        ] Found plugin app_links_web at /Users/fayzullodavronov/.pub-cache/hosted/pub.dev/app_links_web-1.0.4/
[   +1 ms] Found plugin audioplayers at /Users/fayzullodavronov/.pub-cache/hosted/pub.dev/audioplayers-6.4.0/
[        ] Found plugin audioplayers_android at /Users/fayzullodavronov/.pub-cache/hosted/pub.dev/audioplayers_android-5.2.0/
[        ] Found plugin audioplayers_darwin at /Users/fayzullodavronov/.pub-cache/hosted/pub.dev/audioplayers_darwin-6.2.0/
[        ] Found plugin audioplayers_linux at /Users/fayzullodavronov/.pub-cache/hosted/pub.dev/audioplayers_linux-4.2.0/
[        ] Found plugin audioplayers_web at /Users/fayzullodavronov/.pub-cache/hosted/pub.dev/audioplayers_web-5.1.0/
[        ] Found plugin audioplayers_windows at /Users/fayzullodavronov/.pub-cache/hosted/pub.dev/audioplayers_windows-4.2.0/
[   +8 ms] Found plugin gtk at /Users/fayzullodavronov/.pub-cache/hosted/pub.dev/gtk-2.1.0/
[   +5 ms] Found plugin package_info_plus at /Users/fayzullodavronov/.pub-cache/hosted/pub.dev/package_info_plus-9.0.0/
[   +1 ms] Found plugin path_provider at /Users/fayzullodavronov/.pub-cache/hosted/pub.dev/path_provider-2.1.5/
[        ] Found plugin path_provider_android at /Users/fayzullodavronov/.pub-cache/hosted/pub.dev/path_provider_android-2.2.15/
[        ] Found plugin path_provider_foundation at /Users/fayzullodavronov/.pub-cache/hosted/pub.dev/path_provider_foundation-2.4.1/
[        ] Found plugin path_provider_linux at /Users/fayzullodavronov/.pub-cache/hosted/pub.dev/path_provider_linux-2.2.1/
[   +2 ms] Found plugin path_provider_windows at /Users/fayzullodavronov/.pub-cache/hosted/pub.dev/path_provider_windows-2.3.0/
[   +4 ms] Found plugin shared_preferences at /Users/fayzullodavronov/.pub-cache/hosted/pub.dev/shared_preferences-2.5.3/
[        ] Found plugin shared_preferences_android at /Users/fayzullodavronov/.pub-cache/hosted/pub.dev/shared_preferences_android-2.4.7/
[        ] Found plugin shared_preferences_foundation at /Users/fayzullodavronov/.pub-cache/hosted/pub.dev/shared_preferences_foundation-2.5.4/
[        ] Found plugin shared_preferences_linux at /Users/fayzullodavronov/.pub-cache/hosted/pub.dev/shared_preferences_linux-2.4.1/
[        ] Found plugin shared_preferences_web at /Users/fayzullodavronov/.pub-cache/hosted/pub.dev/shared_preferences_web-2.4.3/
[        ] Found plugin shared_preferences_windows at /Users/fayzullodavronov/.pub-cache/hosted/pub.dev/shared_preferences_windows-2.4.1/
[   +4 ms] Found plugin url_launcher at /Users/fayzullodavronov/.pub-cache/hosted/pub.dev/url_launcher-6.3.1/
[        ] Found plugin url_launcher_android at /Users/fayzullodavronov/.pub-cache/hosted/pub.dev/url_launcher_android-6.3.14/
[        ] Found plugin url_launcher_ios at /Users/fayzullodavronov/.pub-cache/hosted/pub.dev/url_launcher_ios-6.3.3/
[        ] Found plugin url_launcher_linux at /Users/fayzullodavronov/.pub-cache/hosted/pub.dev/url_launcher_linux-3.2.1/
[        ] Found plugin url_launcher_macos at /Users/fayzullodavronov/.pub-cache/hosted/pub.dev/url_launcher_macos-3.2.2/
[        ] Found plugin url_launcher_web at /Users/fayzullodavronov/.pub-cache/hosted/pub.dev/url_launcher_web-2.3.3/
[        ] Found plugin url_launcher_windows at /Users/fayzullodavronov/.pub-cache/hosted/pub.dev/url_launcher_windows-3.1.4/
[   +1 ms] Found plugin video_player at /Users/fayzullodavronov/.pub-cache/hosted/pub.dev/video_player-2.9.5/
[        ] Found plugin video_player_android at /Users/fayzullodavronov/.pub-cache/hosted/pub.dev/video_player_android-2.7.16/
[        ] Found plugin video_player_avfoundation at /Users/fayzullodavronov/.pub-cache/hosted/pub.dev/video_player_avfoundation-2.7.1/
[        ] Found plugin video_player_web at /Users/fayzullodavronov/.pub-cache/hosted/pub.dev/video_player_web-2.3.5/
[        ] Found plugin wakelock_plus at /Users/fayzullodavronov/.pub-cache/hosted/pub.dev/wakelock_plus-1.4.0/
[   +8 ms] Generating /Users/fayzullodavronov/Desktop/KidsApp/android/app/src/main/java/io/flutter/plugins/GeneratedPluginRegistrant.java
[   +4 ms] executing: /usr/bin/arch -arm64e xcrun xcodebuild -version
[  +12 ms] Exit code 72 from: /usr/bin/arch -arm64e xcrun xcodebuild -version
[        ] xcrun: error: unable to find utility "xcodebuild", not a developer tool or in PATH
[   +2 ms] executing: /usr/bin/arch -arm64e xcrun xcodebuild -version
[  +11 ms] Exit code 72 from: /usr/bin/arch -arm64e xcrun xcodebuild -version
[        ] xcrun: error: unable to find utility "xcodebuild", not a developer tool or in PATH
[        ] executing: /usr/bin/arch -arm64e xcrun xcodebuild -version
[  +11 ms] Exit code 72 from: /usr/bin/arch -arm64e xcrun xcodebuild -version
[        ] xcrun: error: unable to find utility "xcodebuild", not a developer tool or in PATH
[        ] executing: /usr/bin/arch -arm64e xcrun xcodebuild -version
[  +10 ms] Exit code 72 from: /usr/bin/arch -arm64e xcrun xcodebuild -version
[        ] xcrun: error: unable to find utility "xcodebuild", not a developer tool or in PATH
[        ] executing: /usr/bin/arch -arm64e xcrun xcodebuild -version
[  +10 ms] Exit code 72 from: /usr/bin/arch -arm64e xcrun xcodebuild -version
[        ] xcrun: error: unable to find utility "xcodebuild", not a developer tool or in PATH
[        ] executing: /usr/bin/arch -arm64e xcrun xcodebuild -version
[  +10 ms] Exit code 72 from: /usr/bin/arch -arm64e xcrun xcodebuild -version
[        ] xcrun: error: unable to find utility "xcodebuild", not a developer tool or in PATH
[        ] executing: /usr/bin/arch -arm64e xcrun xcodebuild -version
[  +10 ms] Exit code 72 from: /usr/bin/arch -arm64e xcrun xcodebuild -version
[        ] xcrun: error: unable to find utility "xcodebuild", not a developer tool or in PATH
[        ] executing: /usr/bin/arch -arm64e xcrun xcodebuild -version
[  +10 ms] Exit code 72 from: /usr/bin/arch -arm64e xcrun xcodebuild -version
[        ] xcrun: error: unable to find utility "xcodebuild", not a developer tool or in PATH
[        ] executing: /usr/bin/arch -arm64e xcrun xcodebuild -version
[  +10 ms] Exit code 72 from: /usr/bin/arch -arm64e xcrun xcodebuild -version
[        ] xcrun: error: unable to find utility "xcodebuild", not a developer tool or in PATH
[        ] executing: /usr/bin/arch -arm64e xcrun xcodebuild -version
[  +10 ms] Exit code 72 from: /usr/bin/arch -arm64e xcrun xcodebuild -version
[        ] xcrun: error: unable to find utility "xcodebuild", not a developer tool or in PATH
[        ] executing: /usr/bin/arch -arm64e xcrun xcodebuild -version
[  +11 ms] Exit code 72 from: /usr/bin/arch -arm64e xcrun xcodebuild -version
[        ] xcrun: error: unable to find utility "xcodebuild", not a developer tool or in PATH
[        ] executing: /usr/bin/arch -arm64e xcrun xcodebuild -version
[  +11 ms] Exit code 72 from: /usr/bin/arch -arm64e xcrun xcodebuild -version
[        ] xcrun: error: unable to find utility "xcodebuild", not a developer tool or in PATH
[  +54 ms] Found plugin app_links at /Users/fayzullodavronov/.pub-cache/hosted/pub.dev/app_links-6.4.1/
[        ] Found plugin app_links_linux at /Users/fayzullodavronov/.pub-cache/hosted/pub.dev/app_links_linux-1.0.3/
[   +1 ms] Found plugin app_links_web at /Users/fayzullodavronov/.pub-cache/hosted/pub.dev/app_links_web-1.0.4/
[   +1 ms] Found plugin audioplayers at /Users/fayzullodavronov/.pub-cache/hosted/pub.dev/audioplayers-6.4.0/
[   +3 ms] Found plugin audioplayers_android at /Users/fayzullodavronov/.pub-cache/hosted/pub.dev/audioplayers_android-5.2.0/
[        ] Found plugin audioplayers_darwin at /Users/fayzullodavronov/.pub-cache/hosted/pub.dev/audioplayers_darwin-6.2.0/
[        ] Found plugin audioplayers_linux at /Users/fayzullodavronov/.pub-cache/hosted/pub.dev/audioplayers_linux-4.2.0/
[        ] Found plugin audioplayers_web at /Users/fayzullodavronov/.pub-cache/hosted/pub.dev/audioplayers_web-5.1.0/
[        ] Found plugin audioplayers_windows at /Users/fayzullodavronov/.pub-cache/hosted/pub.dev/audioplayers_windows-4.2.0/
[  +11 ms] Found plugin gtk at /Users/fayzullodavronov/.pub-cache/hosted/pub.dev/gtk-2.1.0/
[   +6 ms] Found plugin package_info_plus at /Users/fayzullodavronov/.pub-cache/hosted/pub.dev/package_info_plus-9.0.0/
[   +1 ms] Found plugin path_provider at /Users/fayzullodavronov/.pub-cache/hosted/pub.dev/path_provider-2.1.5/
[        ] Found plugin path_provider_android at /Users/fayzullodavronov/.pub-cache/hosted/pub.dev/path_provider_android-2.2.15/
[        ] Found plugin path_provider_foundation at /Users/fayzullodavronov/.pub-cache/hosted/pub.dev/path_provider_foundation-2.4.1/
[        ] Found plugin path_provider_linux at /Users/fayzullodavronov/.pub-cache/hosted/pub.dev/path_provider_linux-2.2.1/
[        ] Found plugin path_provider_windows at /Users/fayzullodavronov/.pub-cache/hosted/pub.dev/path_provider_windows-2.3.0/
[   +4 ms] Found plugin shared_preferences at /Users/fayzullodavronov/.pub-cache/hosted/pub.dev/shared_preferences-2.5.3/
[        ] Found plugin shared_preferences_android at /Users/fayzullodavronov/.pub-cache/hosted/pub.dev/shared_preferences_android-2.4.7/
[        ] Found plugin shared_preferences_foundation at /Users/fayzullodavronov/.pub-cache/hosted/pub.dev/shared_preferences_foundation-2.5.4/
[        ] Found plugin shared_preferences_linux at /Users/fayzullodavronov/.pub-cache/hosted/pub.dev/shared_preferences_linux-2.4.1/
[        ] Found plugin shared_preferences_web at /Users/fayzullodavronov/.pub-cache/hosted/pub.dev/shared_preferences_web-2.4.3/
[        ] Found plugin shared_preferences_windows at /Users/fayzullodavronov/.pub-cache/hosted/pub.dev/shared_preferences_windows-2.4.1/
[   +4 ms] Found plugin url_launcher at /Users/fayzullodavronov/.pub-cache/hosted/pub.dev/url_launcher-6.3.1/
[        ] Found plugin url_launcher_android at /Users/fayzullodavronov/.pub-cache/hosted/pub.dev/url_launcher_android-6.3.14/
[        ] Found plugin url_launcher_ios at /Users/fayzullodavronov/.pub-cache/hosted/pub.dev/url_launcher_ios-6.3.3/
[        ] Found plugin url_launcher_linux at /Users/fayzullodavronov/.pub-cache/hosted/pub.dev/url_launcher_linux-3.2.1/
[        ] Found plugin url_launcher_macos at /Users/fayzullodavronov/.pub-cache/hosted/pub.dev/url_launcher_macos-3.2.2/
[   +1 ms] Found plugin url_launcher_web at /Users/fayzullodavronov/.pub-cache/hosted/pub.dev/url_launcher_web-2.3.3/
[        ] Found plugin url_launcher_windows at /Users/fayzullodavronov/.pub-cache/hosted/pub.dev/url_launcher_windows-3.1.4/
[   +1 ms] Found plugin video_player at /Users/fayzullodavronov/.pub-cache/hosted/pub.dev/video_player-2.9.5/
[        ] Found plugin video_player_android at /Users/fayzullodavronov/.pub-cache/hosted/pub.dev/video_player_android-2.7.16/
[        ] Found plugin video_player_avfoundation at /Users/fayzullodavronov/.pub-cache/hosted/pub.dev/video_player_avfoundation-2.7.1/
[        ] Found plugin video_player_web at /Users/fayzullodavronov/.pub-cache/hosted/pub.dev/video_player_web-2.3.5/
[        ] Found plugin wakelock_plus at /Users/fayzullodavronov/.pub-cache/hosted/pub.dev/wakelock_plus-1.4.0/
[   +6 ms] generated_plugin_registrant.dart not found. Skipping.
[   +1 ms] Compiling lib/main.dart for the Web...
[   +2 ms] Initializing file store
[   +5 ms] Done initializing file store
[  +42 ms] Skipping target: web_entrypoint
[        ] Skipping target: gen_localizations
[        ] invalidated build due to missing files: /Users/fayzullodavronov/Desktop/KidsApp/web/*/index.html, /Users/fayzullodavronov/Desktop/KidsApp/web/flutter_bootstrap.js
[        ] web_templated_files: Starting due to {InvalidatedReasonKind.outputMissing: The following outputs were missing: /Users/fayzullodavronov/Desktop/KidsApp/build/web/*/index.html, InvalidatedReasonKind.inputMissing: The following inputs were missing: /Users/fayzullodavronov/Desktop/KidsApp/web/*/index.html,/Users/fayzullodavronov/Desktop/KidsApp/web/flutter_bootstrap.js}
[        ] web_static_assets: Starting due to {InvalidatedReasonKind.outputMissing: The following outputs were missing: /Users/fayzullodavronov/Desktop/KidsApp/.dart_tool/flutter_build/b8e209ee15a5f57b8c947ee27a6e5f02/flutter.js,/Users/fayzullodavronov/Desktop/KidsApp/.dart_tool/flutter_build/b8e209ee15a5f57b8c947ee27a6e5f02/canvaskit/skwasm.js,/Users/fayzullodavronov/Desktop/KidsApp/.dart_tool/flutter_build/b8e209ee15a5f57b8c947ee27a6e5f02/canvaskit/skwasm.js.symbols,/Users/fayzullodavronov/Desktop/KidsApp/.dart_tool/flutter_build/b8e209ee15a5f57b8c947ee27a6e5f02/canvaskit/canvaskit.js.symbols,/Users/fayzullodavronov/Desktop/KidsApp/.dart_tool/flutter_build/b8e209ee15a5f57b8c947ee27a6e5f02/canvaskit/skwasm.wasm,/Users/fayzullodavronov/Desktop/KidsApp/.dart_tool/flutter_build/b8e209ee15a5f57b8c947ee27a6e5f02/canvaskit/chromium/canvaskit.js.symbols,/Users/fayzullodavronov/Desktop/KidsApp/.dart_tool/flutter_build/b8e209ee15a5f57b8c947ee27a6e5f02/canvaskit/chromium/canvaskit.js,/Users/fayzullodavronov/Desktop/KidsApp/.dart_tool/flutter_build/b8e209ee15a5f57b8c947ee27a6e5f02/canvaskit/chromium/canvaskit.wasm,/Users/fayzullodavronov/Desktop/KidsApp/.dart_tool/flutter_build/b8e209ee15a5f57b8c947ee27a6e5f02/canvaskit/canvaskit.js,/Users/fayzullodavronov/Desktop/KidsApp/.dart_tool/flutter_build/b8e209ee15a5f57b8c947ee27a6e5f02/canvaskit/canvaskit.wasm,/Users/fayzullodavronov/Desktop/KidsApp/.dart_tool/flutter_build/b8e209ee15a5f57b8c947ee27a6e5f02/canvaskit/skwasm.worker.js}
[ +883 ms] dart2js: Starting due to {InvalidatedReasonKind.buildKeyChanged: The target build key changed.}
[   +3 ms] executing: /Users/fayzullodavronov/development/flutter/bin/cache/dart-sdk/bin/dart --disable-dart-dev /Users/fayzullodavronov/development/flutter/bin/cache/dart-sdk/bin/snapshots/dart2js.dart.snapshot --platform-binaries=/Users/fayzullodavronov/development/flutter/bin/cache/flutter_web_sdk/kernel --invoker=flutter_tool -Ddart.vm.product=true -DFLUTTER_WEB_AUTO_DETECT=false -DFLUTTER_WEB_USE_SKIA=true -DFLUTTER_WEB_CANVASKIT_URL=https://www.gstatic.com/flutter-canvaskit/a18df97ca57a249df5d8d68cd0820600223ce262/ --native-null-assertions --no-source-maps -o /Users/fayzullodavronov/Desktop/KidsApp/.dart_tool/flutter_build/b8e209ee15a5f57b8c947ee27a6e5f02/app.dill --packages=.dart_tool/package_config.json --cfe-only /Users/fayzullodavronov/Desktop/KidsApp/.dart_tool/flutter_build/b8e209ee15a5f57b8c947ee27a6e5f02/main.dart
[   +1 ms] web_static_assets: Complete
[  +30 ms] web_templated_files: Complete
[+14519 ms] lib/screens/parent_dashboard_screen.dart:103:89:
            Error: The argument type 'Color?' can't be assigned to the parameter type 'TextStyle?'.
             - 'Color' is from 'dart:ui'.
             - 'TextStyle' is from 'package:flutter/src/painting/text_style.dart' ('../../development/flutter/packages/flutter/lib/src/painting/text_style.dart').
                                        Text('Correct: $correct | Wrong: $wrong', style: Colors.grey[600]),
                                                                                          ^
            Error: Compilation failed.
[   +4 ms] Persisting file store
[   +9 ms] Done persisting file store
[   +2 ms] Target dart2js failed: ProcessException: Process exited abnormally with exit code 1:
           lib/screens/parent_dashboard_screen.dart:103:89:
           Error: The argument type 'Color?' can't be assigned to the parameter type 'TextStyle?'.
            - 'Color' is from 'dart:ui'.
            - 'TextStyle' is from 'package:flutter/src/painting/text_style.dart' ('../../development/flutter/packages/flutter/lib/src/painting/text_style.dart').
                                       Text('Correct: $correct | Wrong: $wrong', style: Colors.grey[600]),
                                                                                          ^
           Error: Compilation failed.
             Command: /Users/fayzullodavronov/development/flutter/bin/cache/dart-sdk/bin/dart --disable-dart-dev /Users/fayzullodavronov/development/flutter/bin/cache/dart-sdk/bin/snapshots/dart2js.dart.snapshot --platform-binaries=/Users/fayzullodavronov/development/flutter/bin/cache/flutter_web_sdk/kernel --invoker=flutter_tool -Ddart.vm.product=true -DFLUTTER_WEB_AUTO_DETECT=false -DFLUTTER_WEB_USE_SKIA=true -DFLUTTER_WEB_CANVASKIT_URL=https://www.gstatic.com/flutter-canvaskit/a18df97ca57a249df5d8d68cd0820600223ce262/ --native-null-assertions --no-source-maps -o /Users/fayzullodavronov/Desktop/KidsApp/.dart_tool/flutter_build/b8e209ee15a5f57b8c947ee27a6e5f02/app.dill --packages=.dart_tool/package_config.json --cfe-only /Users/fayzullodavronov/Desktop/KidsApp/.dart_tool/flutter_build/b8e209ee15a5f57b8c947ee27a6e5f02/main.dart
           #0      RunResult.throwException (package:flutter_tools/src/base/process.dart:122:5)
           #1      _DefaultProcessUtils.run (package:flutter_tools/src/base/process.dart:370:19)
           <asynchronous suspension>
           #2      Dart2JSTarget.build (package:flutter_tools/src/build_system/targets/web.dart:203:5)
           <asynchronous suspension>
           #3      _BuildInstance._invokeInternal (package:flutter_tools/src/build_system/build_system.dart:875:9)
           <asynchronous suspension>
           #4      Future.wait.<anonymous closure> (dart:async/future.dart:534:21)
           <asynchronous suspension>
           #5      _BuildInstance.invokeTarget (package:flutter_tools/src/build_system/build_system.dart:813:32)
           <asynchronous suspension>
           #6      Future.wait.<anonymous closure> (dart:async/future.dart:534:21)
           <asynchronous suspension>
           #7      _BuildInstance.invokeTarget (package:flutter_tools/src/build_system/build_system.dart:813:32)
           <asynchronous suspension>
           #8      FlutterBuildSystem.build (package:flutter_tools/src/build_system/build_system.dart:635:16)
           <asynchronous suspension>
           #9      WebBuilder.buildWeb (package:flutter_tools/src/web/compile.dart:92:34)
           <asynchronous suspension>
           #10     BuildWebCommand.runCommand (package:flutter_tools/src/commands/build_web.dart:230:5)
           <asynchronous suspension>
           #11     FlutterCommand.run.<anonymous closure> (package:flutter_tools/src/runner/flutter_command.dart:1408:27)
           <asynchronous suspension>
           #12     AppContext.run.<anonymous closure> (package:flutter_tools/src/base/context.dart:153:19)
           <asynchronous suspension>
           #13     CommandRunner.runCommand (package:args/command_runner.dart:212:13)
           <asynchronous suspension>
           #14     FlutterCommandRunner.runCommand.<anonymous closure> (package:flutter_tools/src/runner/flutter_command_runner.dart:420:9)
           <asynchronous suspension>
           #15     AppContext.run.<anonymous closure> (package:flutter_tools/src/base/context.dart:153:19)
           <asynchronous suspension>
           #16     FlutterCommandRunner.runCommand (package:flutter_tools/src/runner/flutter_command_runner.dart:364:5)
           <asynchronous suspension>
           #17     run.<anonymous closure>.<anonymous closure> (package:flutter_tools/runner.dart:130:9)
           <asynchronous suspension>
           #18     AppContext.run.<anonymous closure> (package:flutter_tools/src/base/context.dart:153:19)
           <asynchronous suspension>
           #19     main (package:flutter_tools/executable.dart:93:3)
           <asynchronous suspension>

[   +8 ms] Compiling lib/main.dart for the Web... (completed in 15.5s)
[        ] "flutter web" took 16,209ms.
[   +7 ms] Error: Failed to compile application for the Web.
[        ] 
           #0      throwToolExit (package:flutter_tools/src/base/common.dart:10:3)
           #1      WebBuilder.buildWeb (package:flutter_tools/src/web/compile.dart:129:7)
           <asynchronous suspension>
           #2      BuildWebCommand.runCommand (package:flutter_tools/src/commands/build_web.dart:230:5)
           <asynchronous suspension>
           #3      FlutterCommand.run.<anonymous closure> (package:flutter_tools/src/runner/flutter_command.dart:1408:27)
           <asynchronous suspension>
           #4      AppContext.run.<anonymous closure> (package:flutter_tools/src/base/context.dart:153:19)
           <asynchronous suspension>
           #5      CommandRunner.runCommand (package:args/command_runner.dart:212:13)
           <asynchronous suspension>
           #6      FlutterCommandRunner.runCommand.<anonymous closure> (package:flutter_tools/src/runner/flutter_command_runner.dart:420:9)
           <asynchronous suspension>
           #7      AppContext.run.<anonymous closure> (package:flutter_tools/src/base/context.dart:153:19)
           <asynchronous suspension>
           #8      FlutterCommandRunner.runCommand (package:flutter_tools/src/runner/flutter_command_runner.dart:364:5)
           <asynchronous suspension>
           #9      run.<anonymous closure>.<anonymous closure> (package:flutter_tools/runner.dart:130:9)
           <asynchronous suspension>
           #10     AppContext.run.<anonymous closure> (package:flutter_tools/src/base/context.dart:153:19)
           <asynchronous suspension>
           #11     main (package:flutter_tools/executable.dart:93:3)
           <asynchronous suspension>


[ +164 ms] ensureAnalyticsSent: 162ms
[        ] Running 1 shutdown hook
[        ] Shutdown hooks complete
[ +266 ms] exiting with code 1
